{
  message: '📚 Database connected | All Ok',
  level: 'info',
  service: 'user-service',
  label: 'UM',
  timestamp: '2023-06-26T15:38:34.314Z'
}
{
  message: 'Run Time listening on port 5000',
  level: 'info',
  service: 'user-service',
  label: 'UM',
  timestamp: '2023-06-26T15:38:34.324Z'
}
{
  message: '📚 Database connected | All Ok',
  level: 'info',
  service: 'user-service',
  label: 'UM',
  timestamp: '2023-06-26T15:39:32.740Z'
}
{
  message: 'Run Time listening on port 5000',
  level: 'info',
  service: 'user-service',
  label: 'UM',
  timestamp: '2023-06-26T15:39:32.751Z'
}
{
  message: '📚 Database connected | All Ok',
  level: 'info',
  service: 'user-service',
  label: 'UM',
  timestamp: '2023-06-26T15:41:01.842Z'
}
{
  message: 'Run Time listening on port 5000',
  level: 'info',
  service: 'user-service',
  label: 'UM',
  timestamp: '2023-06-26T15:41:01.853Z'
}
{
  message: '📚 Database connected | All Ok',
  level: 'info',
  service: 'user-service',
  label: 'UM',
  timestamp: '2023-06-26T15:42:11.708Z'
}
{
  message: 'Run Time listening on port 5000',
  level: 'info',
  service: 'user-service',
  label: 'UM',
  timestamp: '2023-06-26T15:42:11.720Z'
}
{
  message: '📚 Database connected | All Ok',
  level: 'info',
  service: 'user-service',
  label: 'UM',
  timestamp: '2023-06-26T15:42:37.133Z'
}
{
  message: 'Run Time listening on port 5000',
  level: 'info',
  service: 'user-service',
  label: 'UM',
  timestamp: '2023-06-26T15:42:37.145Z'
}
{
  message: '📚 Database connected | All Ok',
  level: 'info',
  service: 'user-service',
  label: 'UM',
  timestamp: '2023-06-26T15:43:07.213Z'
}
{
  message: 'Run Time listening on port 5000',
  level: 'info',
  service: 'user-service',
  label: 'UM',
  timestamp: '2023-06-26T15:43:07.225Z'
}
{
  message: '📚 Database connected | All Ok',
  level: 'info',
  service: 'user-service',
  label: 'UM',
  timestamp: '2023-06-26T15:46:21.043Z'
}
{
  message: 'Run Time listening on port 5000',
  level: 'info',
  service: 'user-service',
  label: 'UM',
  timestamp: '2023-06-26T15:46:21.055Z'
}
{
  message: '📚 Database connected | All Ok',
  level: 'info',
  service: 'user-service',
  label: 'UM',
  timestamp: '2023-06-26T15:47:37.627Z'
}
{
  message: 'Run Time listening on port 5000',
  level: 'info',
  service: 'user-service',
  label: 'UM',
  timestamp: '2023-06-26T15:47:37.638Z'
}
{
  message: '📚 Database connected | All Ok',
  level: 'info',
  service: 'user-service',
  label: 'UM',
  timestamp: '2023-06-26T15:48:10.704Z'
}
{
  message: 'Run Time listening on port 5000',
  level: 'info',
  service: 'user-service',
  label: 'UM',
  timestamp: '2023-06-26T15:48:10.717Z'
}
