{
  message: '📚 Database connected | All Ok',
  level: 'info',
  service: 'user-service',
  label: 'UM',
  timestamp: '2023-06-21T18:04:35.505Z'
}
{
  message: 'Run Time listening on port 5000',
  level: 'info',
  service: 'user-service',
  label: 'UM',
  timestamp: '2023-06-21T18:04:35.515Z'
}
{
  message: '📚 Database connected | All Ok',
  level: 'info',
  service: 'user-service',
  label: 'UM',
  timestamp: '2023-06-21T18:04:56.940Z'
}
{
  message: 'Run Time listening on port 5000',
  level: 'info',
  service: 'user-service',
  label: 'UM',
  timestamp: '2023-06-21T18:04:56.951Z'
}
{
  message: '📚 Database connected | All Ok',
  level: 'info',
  service: 'user-service',
  label: 'UM',
  timestamp: '2023-06-21T18:06:17.174Z'
}
{
  message: 'Run Time listening on port 5000',
  level: 'info',
  service: 'user-service',
  label: 'UM',
  timestamp: '2023-06-21T18:06:17.184Z'
}
{
  message: '📚 Database connected | All Ok',
  level: 'info',
  service: 'user-service',
  label: 'UM',
  timestamp: '2023-06-21T18:09:30.521Z'
}
{
  message: 'Run Time listening on port 5000',
  level: 'info',
  service: 'user-service',
  label: 'UM',
  timestamp: '2023-06-21T18:09:30.533Z'
}
{
  message: '📚 Database connected | All Ok',
  level: 'info',
  service: 'user-service',
  label: 'UM',
  timestamp: '2023-06-21T18:09:43.402Z'
}
{
  message: 'Run Time listening on port 5000',
  level: 'info',
  service: 'user-service',
  label: 'UM',
  timestamp: '2023-06-21T18:09:43.414Z'
}
{
  message: '📚 Database connected | All Ok',
  level: 'info',
  service: 'user-service',
  label: 'UM',
  timestamp: '2023-06-21T18:09:58.108Z'
}
{
  message: 'Run Time listening on port 5000',
  level: 'info',
  service: 'user-service',
  label: 'UM',
  timestamp: '2023-06-21T18:09:58.119Z'
}
{
  message: '📚 Database connected | All Ok',
  level: 'info',
  service: 'user-service',
  label: 'UM',
  timestamp: '2023-06-21T18:10:43.729Z'
}
{
  message: 'Run Time listening on port 5000',
  level: 'info',
  service: 'user-service',
  label: 'UM',
  timestamp: '2023-06-21T18:10:43.741Z'
}
{
  message: '📚 Database connected | All Ok',
  level: 'info',
  service: 'user-service',
  label: 'UM',
  timestamp: '2023-06-21T18:13:41.991Z'
}
{
  message: 'Run Time listening on port 5000',
  level: 'info',
  service: 'user-service',
  label: 'UM',
  timestamp: '2023-06-21T18:13:42.032Z'
}
{
  message: '📚 Database connected | All Ok',
  level: 'info',
  service: 'user-service',
  label: 'UM',
  timestamp: '2023-06-21T18:13:49.724Z'
}
{
  message: 'Run Time listening on port 5000',
  level: 'info',
  service: 'user-service',
  label: 'UM',
  timestamp: '2023-06-21T18:13:49.735Z'
}
{
  message: '📚 Database connected | All Ok',
  level: 'info',
  service: 'user-service',
  label: 'UM',
  timestamp: '2023-06-21T18:14:11.115Z'
}
{
  message: 'Run Time listening on port 5000',
  level: 'info',
  service: 'user-service',
  label: 'UM',
  timestamp: '2023-06-21T18:14:11.125Z'
}
{
  message: '📚 Database connected | All Ok',
  level: 'info',
  service: 'user-service',
  label: 'UM',
  timestamp: '2023-06-21T18:14:40.458Z'
}
{
  message: 'Run Time listening on port 5000',
  level: 'info',
  service: 'user-service',
  label: 'UM',
  timestamp: '2023-06-21T18:14:40.468Z'
}
{
  message: '📚 Database connected | All Ok',
  level: 'info',
  service: 'user-service',
  label: 'UM',
  timestamp: '2023-06-21T18:17:57.684Z'
}
{
  message: 'Run Time listening on port 5000',
  level: 'info',
  service: 'user-service',
  label: 'UM',
  timestamp: '2023-06-21T18:17:57.694Z'
}
{
  message: '📚 Database connected | All Ok',
  level: 'info',
  service: 'user-service',
  label: 'UM',
  timestamp: '2023-06-21T18:18:25.544Z'
}
{
  message: 'Run Time listening on port 5000',
  level: 'info',
  service: 'user-service',
  label: 'UM',
  timestamp: '2023-06-21T18:18:25.590Z'
}
{
  message: '📚 Database connected | All Ok',
  level: 'info',
  service: 'user-service',
  label: 'UM',
  timestamp: '2023-06-21T18:18:30.914Z'
}
{
  message: 'Run Time listening on port 5000',
  level: 'info',
  service: 'user-service',
  label: 'UM',
  timestamp: '2023-06-21T18:18:30.928Z'
}
{
  message: '📚 Database connected | All Ok',
  level: 'info',
  service: 'user-service',
  label: 'UM',
  timestamp: '2023-06-21T18:19:40.736Z'
}
{
  message: 'Run Time listening on port 5000',
  level: 'info',
  service: 'user-service',
  label: 'UM',
  timestamp: '2023-06-21T18:19:40.748Z'
}
{
  message: '📚 Database connected | All Ok',
  level: 'info',
  service: 'user-service',
  label: 'UM',
  timestamp: '2023-06-21T18:19:51.693Z'
}
{
  message: 'Run Time listening on port 5000',
  level: 'info',
  service: 'user-service',
  label: 'UM',
  timestamp: '2023-06-21T18:19:51.705Z'
}
{
  message: '📚 Database connected | All Ok',
  level: 'info',
  service: 'user-service',
  label: 'UM',
  timestamp: '2023-06-21T18:21:39.223Z'
}
{
  message: 'Run Time listening on port 5000',
  level: 'info',
  service: 'user-service',
  label: 'UM',
  timestamp: '2023-06-21T18:21:39.235Z'
}
{
  message: '📚 Database connected | All Ok',
  level: 'info',
  service: 'user-service',
  label: 'UM',
  timestamp: '2023-06-21T18:22:19.853Z'
}
{
  message: 'Run Time listening on port 5000',
  level: 'info',
  service: 'user-service',
  label: 'UM',
  timestamp: '2023-06-21T18:22:19.865Z'
}
{
  message: '📚 Database connected | All Ok',
  level: 'info',
  service: 'user-service',
  label: 'UM',
  timestamp: '2023-06-21T18:26:40.196Z'
}
{
  message: 'Run Time listening on port 5000',
  level: 'info',
  service: 'user-service',
  label: 'UM',
  timestamp: '2023-06-21T18:26:40.207Z'
}
{
  message: '📚 Database connected | All Ok',
  level: 'info',
  service: 'user-service',
  label: 'UM',
  timestamp: '2023-06-21T18:35:05.411Z'
}
{
  message: 'Run Time listening on port 5000',
  level: 'info',
  service: 'user-service',
  label: 'UM',
  timestamp: '2023-06-21T18:35:05.422Z'
}
{
  message: '📚 Database connected | All Ok',
  level: 'info',
  service: 'user-service',
  label: 'UM',
  timestamp: '2023-06-21T18:39:01.442Z'
}
{
  message: 'Run Time listening on port 5000',
  level: 'info',
  service: 'user-service',
  label: 'UM',
  timestamp: '2023-06-21T18:39:01.453Z'
}
