{
  message: '📚 Database connected | All Ok',
  level: 'info',
  service: 'user-service',
  label: 'UM',
  timestamp: '2023-06-24T05:51:41.663Z'
}
{
  message: 'Run Time listening on port 5000',
  level: 'info',
  service: 'user-service',
  label: 'UM',
  timestamp: '2023-06-24T05:51:41.727Z'
}
{
  message: '📚 Database connected | All Ok',
  level: 'info',
  service: 'user-service',
  label: 'UM',
  timestamp: '2023-06-24T05:55:46.908Z'
}
{
  message: 'Run Time listening on port 5000',
  level: 'info',
  service: 'user-service',
  label: 'UM',
  timestamp: '2023-06-24T05:55:46.920Z'
}
{
  message: '📚 Database connected | All Ok',
  level: 'info',
  service: 'user-service',
  label: 'UM',
  timestamp: '2023-06-24T05:59:20.666Z'
}
{
  message: 'Run Time listening on port 5000',
  level: 'info',
  service: 'user-service',
  label: 'UM',
  timestamp: '2023-06-24T05:59:20.679Z'
}
