{
  message: '📚 Database connected | All Ok',
  level: 'info',
  service: 'user-service',
  label: 'UM',
  timestamp: '2023-06-23T17:25:58.551Z'
}
{
  message: 'Run Time listening on port 5000',
  level: 'info',
  service: 'user-service',
  label: 'UM',
  timestamp: '2023-06-23T17:25:58.626Z'
}
{
  message: '📚 Database connected | All Ok',
  level: 'info',
  service: 'user-service',
  label: 'UM',
  timestamp: '2023-06-23T17:31:52.286Z'
}
{
  message: '📚 Database connected | All Ok',
  level: 'info',
  service: 'user-service',
  label: 'UM',
  timestamp: '2023-06-23T17:32:06.700Z'
}
{
  message: 'Run Time listening on port 5000',
  level: 'info',
  service: 'user-service',
  label: 'UM',
  timestamp: '2023-06-23T17:32:06.713Z'
}
{
  message: '📚 Database connected | All Ok',
  level: 'info',
  service: 'user-service',
  label: 'UM',
  timestamp: '2023-06-23T17:34:06.862Z'
}
{
  message: 'Run Time listening on port 5000',
  level: 'info',
  service: 'user-service',
  label: 'UM',
  timestamp: '2023-06-23T17:34:06.873Z'
}
{
  message: '📚 Database connected | All Ok',
  level: 'info',
  service: 'user-service',
  label: 'UM',
  timestamp: '2023-06-23T17:39:11.089Z'
}
{
  message: 'Run Time listening on port 5000',
  level: 'info',
  service: 'user-service',
  label: 'UM',
  timestamp: '2023-06-23T17:39:11.098Z'
}
