{
  statusCode: 409,
  level: 'error',
  service: 'user-service',
  label: 'UM',
  timestamp: '2023-06-21T08:17:05.023Z'
}
{
  statusCode: 409,
  level: 'error',
  service: 'user-service',
  label: 'UM',
  timestamp: '2023-06-21T08:17:05.023Z'
}
{
  statusCode: 409,
  level: 'error',
  service: 'user-service',
  label: 'UM',
  timestamp: '2023-06-21T08:19:09.012Z'
}
{
  statusCode: 409,
  level: 'error',
  service: 'user-service',
  label: 'UM',
  timestamp: '2023-06-21T08:32:45.968Z'
}
{
  statusCode: 409,
  level: 'error',
  service: 'user-service',
  label: 'UM',
  timestamp: '2023-06-21T08:32:45.968Z'
}
{
  statusCode: 409,
  level: 'error',
  service: 'user-service',
  label: 'UM',
  timestamp: '2023-06-21T08:34:37.836Z'
}
{
  statusCode: 409,
  level: 'error',
  service: 'user-service',
  label: 'UM',
  timestamp: '2023-06-21T08:34:37.836Z'
}
{
  statusCode: 409,
  level: 'error',
  service: 'user-service',
  label: 'UM',
  timestamp: '2023-06-21T08:36:23.394Z'
}
{
  statusCode: 409,
  level: 'error',
  service: 'user-service',
  label: 'UM',
  timestamp: '2023-06-21T08:36:23.394Z'
}
